

times in msec
 clock   self+sourced   self:  sourced script
 clock   elapsed:              other lines

000.006  000.006: --- NVIM STARTING ---
000.133  000.128: event init
000.198  000.065: early init
000.237  000.039: locale set
000.265  000.029: init first window
000.462  000.196: inits 1
000.474  000.012: window checked
000.521  000.047: parsing arguments
000.895  000.038  000.038: require('vim.shared')
000.980  000.031  000.031: require('vim._meta')
000.982  000.084  000.053: require('vim._editor')
000.983  000.157  000.035: require('vim._init_packages')
000.984  000.306: init lua interpreter
001.051  000.066: expanding arguments
001.086  000.036: inits 2
001.296  000.210: init highlight
001.297  000.001: waiting for UI
001.586  000.288: done waiting for UI
001.600  000.015: clear screen
001.705  000.104: init default mappings & autocommands
002.328  000.043  000.043: sourcing /usr/share/nvim/runtime/ftplugin.vim
002.413  000.022  000.022: sourcing /usr/share/nvim/runtime/indent.vim
002.464  000.009  000.009: sourcing /usr/share/nvim/archlinux.vim
002.467  000.027  000.018: sourcing /etc/xdg/nvim/sysinit.vim
003.041  000.539  000.539: require('config')
003.093  000.050  000.050: require('utils')
003.368  000.272  000.272: require('plugins')
004.304  000.137  000.137: require('packer.util')
004.326  000.931  000.794: require('packer')
008.599  004.272  004.272: require('impatient')
008.959  000.210  000.210: require('packer.log')
008.964  000.249  000.039: require('packer.async')
009.068  000.051  000.051: require('packer.result')
009.074  000.107  000.056: require('packer.jobs')
009.079  000.451  000.095: require('packer.plugin_utils')
009.170  000.051  000.051: require('packer.snapshot')
009.595  007.108  000.541: sourcing /home/evek/.config/nvim-beginner/nvim/init.lua
009.607  000.702: sourcing vimrc file(s)
009.691  000.029  000.029: sourcing /home/evek/.local/share/nvim/site/pack/packer/start/filetype.nvim/filetype.vim
009.792  000.026  000.026: sourcing /usr/share/nvim/runtime/filetype.lua
010.000  000.075  000.075: sourcing /usr/share/nvim/runtime/syntax/synload.vim
010.123  000.272  000.197: sourcing /usr/share/nvim/runtime/syntax/syntax.vim
010.736  000.012  000.012: sourcing /usr/share/nvim/runtime/plugin/gzip.vim
010.758  000.007  000.007: sourcing /usr/share/nvim/runtime/plugin/health.vim
010.778  000.008  000.008: sourcing /usr/share/nvim/runtime/plugin/matchit.vim
010.797  000.007  000.007: sourcing /usr/share/nvim/runtime/plugin/matchparen.vim
010.822  000.011  000.011: sourcing /usr/share/nvim/runtime/plugin/netrwPlugin.vim
010.933  000.006  000.006: sourcing /home/evek/.local/share/nvim/rplugin.vim
010.939  000.104  000.098: sourcing /usr/share/nvim/runtime/plugin/rplugin.vim
010.999  000.048  000.048: sourcing /usr/share/nvim/runtime/plugin/shada.vim
011.036  000.016  000.016: sourcing /usr/share/nvim/runtime/plugin/spellfile.vim
011.064  000.010  000.010: sourcing /usr/share/nvim/runtime/plugin/tarPlugin.vim
011.086  000.007  000.007: sourcing /usr/share/nvim/runtime/plugin/tohtml.vim
011.112  000.012  000.012: sourcing /usr/share/nvim/runtime/plugin/tutor.vim
011.138  000.011  000.011: sourcing /usr/share/nvim/runtime/plugin/zipPlugin.vim
011.873  000.045  000.045: sourcing /usr/share/nvim/runtime/autoload/provider/pythonx.vim
035.405  000.144  000.144: sourcing /usr/share/nvim/runtime/autoload/remote/host.vim
035.510  023.739  023.549: sourcing /usr/share/nvim/runtime/autoload/provider/python3.vim
035.607  024.403  000.664: sourcing /usr/share/vim/vimfiles/plugin/black.vim
036.468  000.205  000.205: require('catppuccin')
036.577  000.039  000.039: require('catppuccin.lib.hashing')
038.138  000.920  000.920: sourcing /home/evek/.local/share/nvim/site/pack/packer/start/nvim/colors/catppuccin.vim
038.238  000.090  000.090: require('config.alpha')
038.356  000.051  000.051: require('vim.F')
038.367  000.126  000.075: require('alpha')
038.426  000.058  000.058: require('alpha.themes.dashboard')
038.566  000.061  000.061: require('vim.version')
040.958  000.146  000.146: require('alpha.fortune')
041.526  000.067  000.067: sourcing /home/evek/.local/share/nvim/site/pack/packer/opt/go.nvim/ftdetect/filetype.vim
041.571  005.856  004.144: sourcing /home/evek/.config/nvim-beginner/nvim/plugin/packer_compiled.lua
041.803  000.027  000.027: sourcing /usr/share/nvim/runtime/plugin/editorconfig.lua
041.853  000.031  000.031: sourcing /usr/share/nvim/runtime/plugin/man.lua
041.891  000.020  000.020: sourcing /usr/share/nvim/runtime/plugin/nvim.lua
041.938  001.413: loading rtp plugins
042.253  000.052  000.052: sourcing /home/evek/.local/share/nvim/site/pack/packer/start/rust.vim/plugin/cargo.vim
042.303  000.029  000.029: sourcing /home/evek/.local/share/nvim/site/pack/packer/start/rust.vim/plugin/rust.vim
042.559  000.104  000.104: sourcing /home/evek/.local/share/nvim/site/pack/packer/start/vim-rhubarb/plugin/rhubarb.vim
042.783  000.132  000.132: sourcing /home/evek/.local/share/nvim/site/pack/packer/start/vim-vinegar/plugin/vinegar.vim
043.068  000.813: loading packages
043.266  000.107  000.107: sourcing /home/evek/.config/nvim-beginner/nvim/after/plugin/LargeFile.vim
043.585  000.221  000.221: sourcing /home/evek/.config/nvim-beginner/nvim/after/plugin/defaults.lua
043.650  000.042  000.042: sourcing /home/evek/.config/nvim-beginner/nvim/after/plugin/keymaps.lua
043.654  000.216: loading after plugins
043.663  000.009: inits 3
045.719  002.056: reading ShaDa
046.036  000.110  000.110: require('packer.load')
046.205  000.029  000.029: sourcing /home/evek/.local/share/nvim/site/pack/packer/opt/nvim-web-devicons/plugin/nvim-web-devicons.vim
046.895  000.539  000.539: require('nvim-web-devicons')
048.063  000.040  000.040: sourcing /home/evek/.local/share/nvim/site/pack/packer/opt/trouble.nvim/plugin/trouble.vim
048.863  000.125  000.125: require('trouble.config')
048.868  000.177  000.052: require('trouble.util')
048.908  000.038  000.038: require('trouble.providers.qf')
048.952  000.042  000.042: require('trouble.providers.telescope')
050.155  000.103  000.103: require('vim.lsp.log')
050.649  000.490  000.490: require('vim.lsp.protocol')
050.903  000.107  000.107: require('vim.lsp._snippet')
050.952  000.046  000.046: require('vim.highlight')
050.965  000.312  000.159: require('vim.lsp.util')
050.974  001.008  000.104: require('vim.lsp.handlers')
051.085  000.110  000.110: require('vim.lsp.rpc')
051.135  000.047  000.047: require('vim.lsp.sync')
051.206  000.069  000.069: require('vim.lsp.semantic_tokens')
051.292  000.084  000.084: require('vim.lsp.buf')
051.344  000.050  000.050: require('vim.lsp.diagnostic')
051.397  000.051  000.051: require('vim.lsp.codelens')
051.456  002.444  001.025: require('vim.lsp')
051.460  002.506  000.062: require('trouble.providers.lsp')
051.499  000.038  000.038: require('trouble.providers.diagnostic')
051.502  002.955  000.154: require('trouble.providers')
051.544  000.040  000.040: require('trouble.text')
051.584  000.039  000.039: require('trouble.folds')
051.587  003.099  000.065: require('trouble.renderer')
051.598  003.207  000.108: require('trouble.view')
051.629  000.030  000.030: require('trouble.colors')
051.782  000.124  000.124: require('vim.diagnostic')
051.825  003.639  000.279: require('trouble')
052.789  000.065  000.065: require('mason-core.functional')
052.829  000.036  000.036: require('mason-core.path')
052.869  000.039  000.039: require('mason.settings')
052.886  000.198  000.058: require('mason-core.log')
052.889  000.262  000.063: require('mason-core.EventEmitter')
052.970  000.080  000.080: require('mason-core.optional')
053.049  000.044  000.044: require('mason-core.async')
053.080  000.027  000.027: require('mason-core.async.uv')
053.086  000.114  000.043: require('mason-core.fs')
053.124  000.037  000.037: require('mason-registry.sources')
053.191  000.032  000.032: require('mason-core.functional.data')
053.251  000.059  000.059: require('mason-core.functional.function')
053.267  000.140  000.050: require('mason-core.functional.list')
053.281  000.712  000.080: require('mason-registry')
053.437  000.041  000.041: require('mason-core.functional.relation')
053.484  000.040  000.040: require('mason-core.functional.logic')
053.522  000.194  000.113: require('mason-core.platform')
053.574  000.050  000.050: require('mason-lspconfig.settings')
053.580  000.298  000.053: require('mason-lspconfig')
053.590  001.114  000.104: require('mason-tool-installer')
053.611  001.154  000.040: sourcing /home/evek/.local/share/nvim/site/pack/packer/opt/mason-tool-installer.nvim/plugin/mason-tool-installer.lua
054.860  000.051  000.051: require('cmp_nvim_lsp.source')
054.865  000.170  000.119: require('cmp_nvim_lsp')
054.876  000.200  000.030: sourcing /home/evek/.local/share/nvim/site/pack/packer/opt/cmp-nvim-lsp/after/plugin/cmp_nvim_lsp.lua
055.534  000.142  000.142: require('config.nvimtree')
055.949  000.048  000.048: require('nvim-tree.notify')
055.956  000.097  000.049: require('nvim-tree.events')
056.081  000.039  000.039: require('nvim-tree.log')
056.202  000.066  000.066: require('nvim-tree.iterators.node-iterator')
056.250  000.167  000.101: require('nvim-tree.utils')
056.338  000.085  000.085: require('nvim-tree.git.utils')
056.409  000.060  000.060: require('nvim-tree.git.runner')
056.462  000.051  000.051: require('nvim-tree.watcher')
056.512  000.048  000.048: require('nvim-tree.explorer.node')
056.519  000.520  000.069: require('nvim-tree.git')
056.575  000.055  000.055: require('nvim-tree.explorer.watch')
056.659  000.038  000.038: require('nvim-tree.explorer.node-builders')
056.708  000.047  000.047: require('nvim-tree.explorer.sorters')
056.752  000.042  000.042: require('nvim-tree.explorer.filters')
056.891  000.089  000.089: require('nvim-tree.view')
056.897  000.143  000.054: require('nvim-tree.live-filter')
056.900  000.322  000.052: require('nvim-tree.explorer.explore')
056.948  000.047  000.047: require('nvim-tree.explorer.reload')
056.952  000.995  000.050: require('nvim-tree.explorer')
056.955  001.136  000.044: require('nvim-tree.core')
057.037  000.080  000.080: require('nvim-tree.diagnostics')
057.152  000.037  000.037: require('nvim-tree.modified')
057.156  000.116  000.079: require('nvim-tree.renderer.components.modified')
057.194  000.038  000.038: require('nvim-tree.renderer.components.padding')
057.236  000.040  000.040: require('nvim-tree.renderer.components.icons')
057.280  000.042  000.042: require('nvim-tree.renderer.components.full-name')
057.348  000.066  000.066: require('nvim-tree.renderer.components.git')
057.408  000.058  000.058: require('nvim-tree.renderer.builder')
057.554  000.144  000.144: require('nvim-tree.marks')
057.565  001.851  000.131: require('nvim-tree.renderer')
057.576  001.952  000.101: require('nvim-tree.lib')
057.675  000.097  000.097: require('nvim-tree.colors')
058.034  000.062  000.062: require('nvim-tree.actions.finders.find-file')
058.042  000.130  000.068: require('nvim-tree.actions.tree.open')
058.103  000.056  000.056: require('nvim-tree.actions.tree.toggle')
058.199  000.084  000.084: require('nvim-tree.actions.reloaders.reloaders')
058.256  000.054  000.054: require('nvim-tree.actions.root.dir-up')
058.328  000.069  000.069: require('nvim-tree.actions.tree.find-file')
058.390  000.060  000.060: require('nvim-tree.actions.finders.search-node')
058.440  000.048  000.048: require('nvim-tree.actions.tree-modifiers.collapse-all')
058.528  000.086  000.086: require('nvim-tree.actions.tree-modifiers.expand-all')
058.597  000.068  000.068: require('nvim-tree.actions.tree-modifiers.toggles')
058.870  000.166  000.166: require('nvim-tree.keymap')
058.879  000.272  000.106: require('nvim-tree.help')
058.969  000.087  000.087: require('nvim-tree.actions.fs.create-file')
059.035  000.059  000.059: require('nvim-tree.actions.fs.remove-file')
059.083  000.034  000.034: require('nvim-tree.actions.fs.trash')
059.163  000.046  000.046: require('nvim-tree.actions.fs.rename-file')
059.207  000.040  000.040: require('nvim-tree.actions.fs.copy-paste')
059.249  000.031  000.031: require('nvim-tree.actions.node.file-popup')
059.277  000.026  000.026: require('nvim-tree.actions.node.run-command')
059.305  000.027  000.027: require('nvim-tree.actions.node.system-open')
059.346  000.029  000.029: require('nvim-tree.actions.moves.sibling')
059.375  000.026  000.026: require('nvim-tree.actions.moves.parent')
059.404  000.026  000.026: require('nvim-tree.actions.moves.item')
059.437  000.027  000.027: require('nvim-tree.marks.bulk-delete')
059.465  000.026  000.026: require('nvim-tree.marks.bulk-move')
059.530  000.037  000.037: require('nvim-tree.actions.node.open-file')
059.533  000.066  000.029: require('nvim-tree.marks.navigation')
059.535  001.784  000.305: require('nvim-tree.api')
059.540  001.863  000.079: require('nvim-tree.commands')
059.590  000.049  000.049: require('nvim-tree.actions.root.change-dir')
059.642  000.038  000.038: require('nvim-tree.legacy')
059.660  004.123  000.125: require('nvim-tree')
059.907  000.035  000.035: require('nvim-tree.actions')
060.330  000.040  000.040: require('nvim-treesitter.utils')
060.659  000.045  000.045: require('vim.treesitter.language')
060.666  000.110  000.065: require('vim.treesitter.query')
060.710  000.042  000.042: require('vim.treesitter._range')
060.715  000.216  000.064: require('vim.treesitter.languagetree')
060.720  000.268  000.053: require('vim.treesitter')
061.042  000.709  000.440: require('nvim-treesitter.parsers')
061.183  000.025  000.025: require('nvim-treesitter.compat')
061.249  000.035  000.035: require('nvim-treesitter.ts_utils')
061.253  000.068  000.033: require('nvim-treesitter.tsrange')
061.281  000.026  000.026: require('nvim-treesitter.caching')
061.288  000.162  000.041: require('nvim-treesitter.query')
061.298  000.213  000.052: require('nvim-treesitter.configs')
061.300  000.255  000.042: require('nvim-treesitter.info')
061.342  000.041  000.041: require('nvim-treesitter.shell_command_selectors')
061.357  001.121  000.076: require('nvim-treesitter.install')
061.386  000.027  000.027: require('nvim-treesitter.statusline')
061.418  000.031  000.031: require('nvim-treesitter.query_predicates')
061.420  006.198  000.718: require('nvim-treesitter')
061.503  000.024  000.024: require('illuminate.util')
061.545  000.040  000.040: require('illuminate.config')
061.573  000.027  000.027: require('illuminate.reference')
061.576  000.121  000.031: require('illuminate.highlight')
061.581  000.159  000.038: require('illuminate.engine')
061.658  000.041  000.041: require('illuminate')
061.682  000.006  000.006: require('vim.keymap')
061.735  006.581  000.178: sourcing /home/evek/.local/share/nvim/site/pack/packer/opt/vim-illuminate/plugin/illuminate.vim
063.264  000.840  000.840: sourcing /home/evek/.local/share/nvim/site/pack/packer/opt/nvim-lspconfig/plugin/lspconfig.lua
063.554  000.033  000.033: require('schemastore')
064.170  000.612  000.612: require('schemastore.catalog')
064.317  000.065  000.065: require('config.lsp.handlers')
064.413  001.064  000.354: require('config.lsp')
064.604  000.051  000.051: require('null-ls.utils')
064.755  000.237  000.187: require('null-ls.config')
064.844  000.035  000.035: require('null-ls.helpers.cache')
064.892  000.046  000.046: require('null-ls.helpers.diagnostics')
064.928  000.033  000.033: require('null-ls.helpers.formatter_factory')
065.012  000.035  000.035: require('null-ls.logger')
065.052  000.038  000.038: require('null-ls.state')
065.055  000.125  000.052: require('null-ls.helpers.generator_factory')
065.128  000.035  000.035: require('null-ls.helpers.command_resolver')
065.130  000.074  000.039: require('null-ls.helpers.make_builtin')
065.165  000.034  000.034: require('null-ls.helpers.range_formatting_args_factory')
065.167  000.408  000.062: require('null-ls.helpers')
065.342  000.085  000.085: require('null-ls.methods')
065.349  000.131  000.046: require('null-ls.diagnostics')
065.355  000.187  000.056: require('null-ls.sources')
065.398  000.040  000.040: require('null-ls.builtins')
065.401  000.916  000.044: require('null-ls')
065.500  000.097  000.097: require('null-ls.builtins.formatting.prettierd')
065.554  000.050  000.050: require('null-ls.builtins.formatting.shfmt')
065.600  000.042  000.042: require('null-ls.builtins.formatting.fixjson')
065.705  000.092  000.092: require('null-ls.builtins.formatting.black')
065.770  000.050  000.050: require('null-ls.builtins.formatting.isort')
065.823  000.050  000.050: require('null-ls.builtins.formatting.stylua')
066.055  000.138  000.138: require('null-ls.builtins.diagnostics.write_good')
066.368  000.308  000.308: require('null-ls.builtins.diagnostics.flake8')
066.456  000.079  000.079: require('null-ls.builtins.diagnostics.tsc')
066.547  000.086  000.086: require('null-ls.builtins.diagnostics.selene')
066.644  000.079  000.079: require('null-ls.builtins.diagnostics.shellcheck')
066.740  000.073  000.073: require('null-ls.builtins.code_actions.gitsigns')
066.811  000.067  000.067: require('null-ls.builtins.code_actions.gitrebase')
066.918  000.102  000.102: require('null-ls.builtins.hover.dictionary')
066.922  002.506  000.276: require('config.lsp.null-ls')
067.671  000.085  000.085: require('null-ls.client')
067.783  000.077  000.077: require('config.lsp.installer')
068.023  000.144  000.144: require('lspconfig.util')
068.072  000.045  000.045: require('lspconfig.async')
068.076  000.253  000.065: require('lspconfig.configs')
068.079  000.293  000.040: require('lspconfig')
068.158  000.078  000.078: require('config.icons')
068.200  000.040  000.040: require('mason')
068.520  000.045  000.045: require('mason-core.functional.string')
068.545  000.152  000.107: require('mason.api.command')
068.755  000.036  000.036: require('mason-lspconfig.notify')
068.761  000.108  000.072: require('mason-lspconfig.lspconfig_hook')
069.030  000.089  000.089: require('mason-core.functional.table')
069.123  000.360  000.272: require('mason-lspconfig.mappings.server')
069.174  000.047  000.047: require('mason-lspconfig.server_config_extensions')
069.219  000.043  000.043: require('lspconfig.server_configurations.omnisharp')
069.325  000.039  000.039: require('mason-lspconfig.ensure_installed')
069.425  000.042  000.042: require('mason-core.result')
069.638  000.126  000.126: require('mason-core.process')
069.806  000.165  000.165: require('mason-core.spawn')
069.811  000.342  000.050: require('mason-core.managers.powershell')
069.848  000.036  000.036: require('mason.version')
069.851  000.424  000.047: require('mason-core.fetch')
069.902  000.050  000.050: require('mason-core.providers')
071.314  000.112  000.112: require('mason-core.purl')
071.330  001.360  001.249: require('mason-core.package')
071.472  000.047  000.047: require('mason-core.installer.registry.expr')
071.483  000.104  000.057: require('mason-core.installer.registry.link')
071.709  000.047  000.047: require('mason-core.receipt')
071.727  000.114  000.067: require('mason-core.installer.context')
071.771  000.042  000.042: require('mason-core.async.control')
071.812  000.039  000.039: require('mason-core.installer.linker')
071.819  000.254  000.059: require('mason-core.installer')
071.834  000.313  000.059: require('mason-core.installer.managers.std')
071.837  000.352  000.039: require('mason-core.installer.registry.schemas')
071.873  000.036  000.036: require('mason-core.installer.registry.util')
071.882  000.550  000.059: require('mason-core.installer.registry')
071.885  001.979  000.069: require('mason-registry.sources.util')
071.899  002.565  000.070: require('mason-registry.sources.github')
076.752  000.038  000.038: require('mason-core.functional.number')
076.777  000.136  000.098: require('mason-lspconfig.api.command')
077.170  000.045  000.045: require('lspconfig.server_configurations.cmake')
078.275  000.052  000.052: require('lspconfig.manager')
078.328  000.041  000.041: require('lspconfig.server_configurations.graphql')
078.672  000.049  000.049: require('lspconfig.server_configurations.tsserver')
079.024  000.049  000.049: require('lspconfig.server_configurations.ansiblels')
079.434  000.041  000.041: require('lspconfig.server_configurations.tflint')
079.860  000.042  000.042: require('lspconfig.server_configurations.yamlls')
080.172  000.040  000.040: require('lspconfig.server_configurations.terraformls')
080.461  000.041  000.041: require('lspconfig.server_configurations.cssls')
080.818  000.039  000.039: require('neodev')
080.858  000.036  000.036: require('neodev.config')
080.934  000.035  000.035: require('neodev.util')
080.937  000.074  000.039: require('neodev.lsp')
081.247  000.043  000.043: require('lspconfig.server_configurations.lua_ls')
082.000  000.082  000.082: require('rust-tools')
082.092  000.040  000.040: require('rust-tools.utils.utils')
082.096  000.092  000.052: require('rust-tools.code_action_group')
082.128  000.030  000.030: require('rust-tools.cached_commands')
082.170  000.040  000.040: require('rust-tools.commands')
082.265  000.028  000.028: require('rust-tools.executors.termopen')
082.306  000.039  000.039: require('rust-tools.executors.quickfix')
082.338  000.031  000.031: require('rust-tools.executors.toggleterm')
082.368  000.028  000.028: require('rust-tools.executors.vimux')
082.370  000.160  000.035: require('rust-tools.executors')
082.374  000.203  000.042: require('rust-tools.config')
082.406  000.030  000.030: require('rust-tools.crate_graph')
082.443  000.036  000.036: require('rust-tools.dap')
082.475  000.030  000.030: require('rust-tools.debuggables')
082.506  000.029  000.029: require('rust-tools.expand_macro')
082.537  000.030  000.030: require('rust-tools.external_docs')
082.572  000.033  000.033: require('rust-tools.hover_actions')
082.601  000.028  000.028: require('rust-tools.hover_range')
082.641  000.038  000.038: require('rust-tools.inlay_hints')
082.683  000.036  000.036: require('rust-tools.join_lines')
082.766  000.034  000.034: require('rust-tools.server_status')
082.769  000.084  000.050: require('rust-tools.lsp')
082.799  000.028  000.028: require('rust-tools.move_item')
082.828  000.027  000.027: require('rust-tools.open_cargo_toml')
082.866  000.037  000.037: require('rust-tools.parent_module')
082.920  000.050  000.050: require('rust-tools.runnables')
082.964  000.041  000.041: require('rust-tools.ssr')
082.996  000.031  000.031: require('rust-tools.standalone')
083.027  000.029  000.029: require('rust-tools.workspace_refresh')
083.410  000.128  000.128: require('lspconfig.server_configurations.rust_analyzer')
085.449  000.013  000.013: sourcing /home/evek/.local/share/nvim/site/pack/packer/opt/which-key.nvim/plugin/which-key.vim
085.875  000.039  000.039: require('which-key.util')
085.880  000.074  000.035: require('which-key.tree')
085.927  000.046  000.046: require('which-key.config')
085.933  000.179  000.059: require('which-key.keys')
085.937  000.221  000.042: require('which-key')
085.939  000.387  000.166: require('config.whichkey')
086.174  000.053  000.053: sourcing /home/evek/.local/share/nvim/site/pack/packer/opt/nvim-dap/plugin/dap.lua
086.437  000.142  000.142: require('config.dap')
086.646  000.040  000.040: require('dap.utils')
086.664  000.162  000.122: require('dap')
086.671  000.214  000.053: require('nvim-dap-virtual-text')
086.882  000.034  000.034: require('dapui.async.tasks')
086.918  000.034  000.034: require('dapui.async.control')
087.027  000.107  000.107: require('dapui.async.uv')
087.066  000.036  000.036: require('dapui.async.tests')
087.131  000.035  000.035: require('vim.ui')
087.136  000.068  000.033: require('dapui.async.ui')
087.172  000.035  000.035: require('dapui.async.lsp')
087.179  000.370  000.055: require('dapui.async')
087.402  000.053  000.053: require('dapui.config.highlights')
087.484  000.262  000.209: require('dapui.config')
087.490  000.310  000.048: require('dapui.util')
087.540  000.049  000.049: require('dapui.windows.layout')
087.544  000.777  000.049: require('dapui.windows')
087.583  000.038  000.038: require('dapui.controls')
087.588  000.867  000.052: require('dapui')
087.872  000.059  000.059: require('dapui.logging')
087.934  000.059  000.059: require('dapui.client.types')
087.937  000.170  000.051: require('dapui.client')
087.977  000.038  000.038: require('dap.breakpoints')
088.030  000.044  000.044: require('dapui.client.lib')
088.151  000.056  000.056: require('dapui.render.canvas')
088.154  000.115  000.059: require('dapui.elements.breakpoints')
088.207  000.042  000.042: require('dapui.components.breakpoints')
088.278  000.036  000.036: require('dapui.elements.repl')
088.314  000.032  000.032: require('dapui.elements.scopes')
088.359  000.034  000.034: require('dapui.components.scopes')
088.398  000.037  000.037: require('dapui.components.variables')
088.448  000.034  000.034: require('dapui.elements.stacks')
088.528  000.033  000.033: require('dapui.components.frames')
088.531  000.072  000.039: require('dapui.components.threads')
088.589  000.037  000.037: require('dapui.elements.watches')
088.637  000.038  000.038: require('dapui.components.watches')
088.684  000.035  000.035: require('dapui.elements.hover')
088.730  000.036  000.036: require('dapui.components.hover')
088.769  000.035  000.035: require('dapui.elements.console')
088.875  000.066  000.066: require('config.dap.lua')
088.935  000.056  000.056: require('config.dap.python')
088.992  000.055  000.055: require('dap-python')
089.113  000.076  000.076: require('config.dap.rust')
089.181  000.066  000.066: require('config.dap.go')
089.589  000.405  000.405: require('dap-go')
089.690  000.078  000.078: require('config.dap.keymaps')
090.078  005.243  001.932: require('dap')
090.258  000.154  000.154: require('filetype')
090.437  000.165  000.165: require('filetype.mappings.extensions')
090.508  000.068  000.068: require('filetype.mappings.literal')
090.611  000.100  000.100: require('filetype.mappings.function')
090.735  000.064  000.064: require('filetype.mappings.complex')
094.781  000.021  000.021: require('vim.fs')
094.873  000.048  000.048: require('null-ls.rpc')
095.143  000.026  000.026: sourcing /home/evek/.local/share/nvim/site/pack/packer/opt/plenary.nvim/plugin/plenary.vim
095.368  000.390  000.364: require('plenary.log')
096.261  000.156  000.156: require('vim.uri')
096.883  000.346  000.346: sourcing /home/evek/.local/share/nvim/site/pack/packer/opt/nvim-treesitter/plugin/nvim-treesitter.lua
097.093  000.124  000.124: require('config.treesitter')
129.062  000.082  000.082: require('nvim-treesitter.locals')
129.070  000.182  000.100: require('illuminate.providers.treesitter')
129.815  000.128  000.128: require('nvim-treesitter.indent')
129.946  000.061  000.061: require('nvim-treesitter.highlight')
130.281  000.070  000.070: require('nvim-treesitter.incremental_selection')
130.691  000.203  000.203: require('nvim-treesitter-textobjects')
131.231  000.075  000.075: require('nvim-treesitter.textobjects.shared')
131.237  000.159  000.085: require('nvim-treesitter.textobjects.select')
131.381  000.054  000.054: require('nvim-treesitter.textobjects.attach')
131.462  000.079  000.079: require('nvim-treesitter.textobjects.repeatable_move')
131.475  000.214  000.081: require('nvim-treesitter.textobjects.move')
131.734  000.056  000.056: require('nvim-treesitter.textobjects.swap')
131.818  000.059  000.059: require('nvim-treesitter.textobjects.lsp_interop')
131.833  001.366  000.674: sourcing /home/evek/.local/share/nvim/site/pack/packer/opt/nvim-treesitter-textobjects/plugin/nvim-treesitter-textobjects.vim
132.299  000.171  000.171: require('config.lualine')
132.567  000.105  000.105: require('nvim-gps.internal')
132.592  000.144  000.039: sourcing /home/evek/.local/share/nvim/site/pack/packer/opt/nvim-gps/plugin/nvim-gps.vim
132.848  000.054  000.054: require('nvim-gps.utils')
132.857  000.156  000.102: require('nvim-gps')
133.574  001.271  000.971: require('nvim-gps')
133.739  000.071  000.071: require('lualine_require')
134.061  000.484  000.414: require('lualine')
135.893  000.055  000.055: require('catppuccin.utils.lualine')
135.938  000.042  000.042: require('catppuccin.palettes')
135.998  000.057  000.057: require('catppuccin.palettes.frappe')
138.854  000.108  000.108: require('lualine.utils.mode')
147.062  000.505  000.505: require('editorconfig')
147.672  065.937  053.364: require('rust-tools')
149.015  000.047  000.047: require('lspconfig.server_configurations.html')
149.470  000.107  000.107: require('lspconfig.server_configurations.jdtls')
150.022  000.056  000.056: require('lspconfig.server_configurations.pyright')
150.609  000.096  000.096: require('lspconfig.server_configurations.bashls')
151.381  000.048  000.048: require('lspconfig.server_configurations.dockerls')
151.772  000.052  000.052: require('lspconfig.server_configurations.gopls')
152.281  000.056  000.056: require('lspconfig.server_configurations.clangd')
152.690  000.056  000.056: require('lspconfig.server_configurations.docker_compose_language_service')
153.088  000.044  000.044: require('lspconfig.server_configurations.sqlls')
153.421  000.042  000.042: require('lspconfig.server_configurations.groovyls')
153.486  000.035  000.035: require('mason-lspconfig.server_configurations.groovyls')
153.685  000.085  000.085: require('lspconfig.server_configurations.vimls')
154.139  000.045  000.045: require('lspconfig.server_configurations.taplo')
154.462  000.041  000.041: require('lspconfig.server_configurations.marksman')
154.790  000.048  000.048: require('lspconfig.server_configurations.kotlin_language_server')
154.859  000.038  000.038: require('mason-lspconfig.server_configurations.kotlin_language_server')
155.022  000.046  000.046: require('lspconfig.server_configurations.gradle_ls')
155.093  000.036  000.036: require('mason-lspconfig.server_configurations.gradle_ls')
155.183  000.040  000.040: require('lspconfig.server_configurations.jsonls')
155.962  000.106  000.106: require('fidget.log')
155.970  000.237  000.131: require('fidget')
156.207  000.074  000.074: require('fidget.spinners')
156.822  000.044  000.044: require('indent_blankline/utils')
156.826  000.166  000.122: require('indent_blankline')
157.045  000.040  000.040: require('indent_blankline.commands')
157.170  000.082  000.082: require('vim.inspect')
157.527  001.024  000.735: sourcing /home/evek/.local/share/nvim/site/pack/packer/opt/indent-blankline.nvim/plugin/indent_blankline.vim
157.723  000.063  000.063: require('config.indentblankline')
158.118  000.193  000.193: require('config.bufferline')
158.216  000.036  000.036: require('bufferline.lazy')
158.288  000.059  000.059: require('bufferline.commands')
158.378  000.084  000.084: require('bufferline.config')
158.383  000.262  000.084: require('bufferline')
158.445  000.060  000.060: require('bufferline.utils')
159.421  000.148  000.148: require('bufferline.groups')
159.550  000.041  000.041: require('bufferline.constants')
159.616  000.059  000.059: require('bufferline.colors')
159.732  000.046  000.046: require('bufferline.highlights')
160.855  000.567  000.567: require('bufferline.hover')
161.032  000.066  000.066: require('bufferline.ui')
161.345  000.104  000.104: require('config.gitsigns')
161.421  000.035  000.035: require('gitsigns.async')
161.521  000.035  000.035: require('gitsigns.message')
161.533  000.109  000.074: require('gitsigns.config')
161.569  000.035  000.035: require('gitsigns.debug.log')
161.573  000.225  000.045: require('gitsigns')
861.049  723.885: opening buffers
865.103  000.118  000.118: require('bufferline.state')
865.121  003.954: BufEnter autocommands
865.126  000.005: editing files in windows
865.573  000.155  000.155: sourcing /home/evek/.local/share/nvim/site/pack/packer/opt/lspsaga.nvim/plugin/lspsaga.vim
865.891  000.173  000.173: require('lspsaga')
866.047  000.061  000.061: require('lspsaga.libs')
866.222  000.039  000.039: require('lspsaga.wrap')
866.239  000.131  000.091: require('lspsaga.window')
866.285  000.043  000.043: require('lspsaga.api')
866.289  000.239  000.066: require('lspsaga.codeaction.window')
866.306  000.390  000.090: require('lspsaga.codeaction.indicator')
867.053  000.088  000.088: require('notify.util.queue')
867.058  000.174  000.087: require('notify.util')
867.181  000.121  000.121: require('notify.config.highlights')
867.187  000.392  000.097: require('notify.config')
867.283  000.038  000.038: require('notify.stages')
867.335  000.050  000.050: require('notify.service.notification')
867.473  000.034  000.034: require('notify.animate.spring')
867.476  000.066  000.031: require('notify.animate')
867.479  000.141  000.076: require('notify.windows')
867.683  000.076  000.076: require('notify.service.buffer.highlights')
867.705  000.186  000.110: require('notify.service.buffer')
867.707  000.227  000.042: require('notify.service')
867.762  000.054  000.054: require('notify.stages.util')
867.764  000.576  000.066: require('notify.instance')
867.767  001.207  000.239: require('notify')
867.961  000.045  000.045: require('illuminate.providers.lsp')
868.016  000.043  000.043: require('illuminate.providers.regex')
868.175  000.045  000.045: require('which-key.plugins')
868.228  000.050  000.050: require('which-key.plugins.marks')
868.310  000.079  000.079: require('which-key.mappings')
868.700  000.050  000.050: require('which-key.plugins.registers')
868.977  000.070  000.070: require('which-key.plugins.presets')
869.039  000.058  000.058: require('which-key.plugins.presets.misc')
869.119  000.071  000.071: require('which-key.plugins.spelling')
869.226  000.052  000.052: require('which-key.colors')
879.471  011.857: VimEnter autocommands
879.476  000.005: UIEnter autocommands
888.528  008.114  008.114: sourcing /usr/share/nvim/runtime/autoload/provider/clipboard.vim
888.557  000.967: before starting main loop
1598.514  000.067  000.067: require('bufferline.pick')
1598.602  000.082  000.082: require('bufferline.duplicates')
1598.836  000.231  000.231: require('bufferline.diagnostics')
1598.940  000.101  000.101: require('bufferline.models')
1598.944  000.623  000.143: require('bufferline.buffers')
1599.366  000.064  000.064: require('bufferline.numbers')
1599.640  000.097  000.097: require('bufferline.sorters')
1599.760  000.100  000.100: require('bufferline.tabpages')
1599.938  000.085  000.085: require('bufferline.offset')
1599.985  000.041  000.041: require('bufferline.custom_area')
1600.677  711.109: first screen update
1600.680  000.002: --- NVIM STARTED ---


times in msec
 clock   self+sourced   self:  sourced script
 clock   elapsed:              other lines

000.006  000.006: --- NVIM STARTING ---
000.120  000.114: event init
000.196  000.076: early init
000.234  000.038: locale set
000.272  000.038: init first window
000.498  000.226: inits 1
000.505  000.006: window checked
000.550  000.046: parsing arguments
001.022  000.053  000.053: require('vim.shared')
001.152  000.048  000.048: require('vim._meta')
001.154  000.127  000.079: require('vim._editor')
001.156  000.273  000.093: require('vim._init_packages')
001.158  000.334: init lua interpreter
001.777  000.619: expanding arguments
001.847  000.070: inits 2
002.241  000.394: init highlight
